Arguments: 
  /Users/kevincarrabine/.nvm/versions/node/v16.15.0/bin/node /Users/kevincarrabine/.nvm/versions/node/v16.15.0/bin/yarn add -D @typescript-eslint/eslint-plugin: ^5.50.0,

PATH: 
  /Users/kevincarrabine/.rvm/gems/ruby-2.7.2/bin:/Users/kevincarrabine/.rvm/gems/ruby-2.7.2@global/bin:/Users/kevincarrabine/.rvm/rubies/ruby-2.7.2/bin:/Users/kevincarrabine/.pyenv/shims:/Users/kevincarrabine/.nvm/versions/node/v16.15.0/bin:/usr/local/bin:/System/Cryptexes/App/usr/bin:/usr/bin:/bin:/usr/sbin:/sbin:/Users/kevincarrabine/.rvm/gems/ruby-2.7.2/bin:/Users/kevincarrabine/.rvm/gems/ruby-2.7.2@global/bin:/Users/kevincarrabine/.rvm/rubies/ruby-2.7.2/bin:/Users/kevincarrabine/.nvm/versions/node/v16.15.0/bin:/Users/kevincarrabine/.rvm/bin:/Users/kevincarrabine/.rvm/bin

Yarn version: 
  1.22.19

Node version: 
  16.15.0

Platform: 
  darwin x64

Trace: 
  Error: https://registry.yarnpkg.com/@typescript-eslint%2feslint-plugin:: Not found
      at Request.params.callback [as _callback] (/Users/kevincarrabine/.nvm/versions/node/v16.15.0/lib/node_modules/yarn/lib/cli.js:66145:18)
      at Request.self.callback (/Users/kevincarrabine/.nvm/versions/node/v16.15.0/lib/node_modules/yarn/lib/cli.js:140890:22)
      at Request.emit (node:events:527:28)
      at Request.<anonymous> (/Users/kevincarrabine/.nvm/versions/node/v16.15.0/lib/node_modules/yarn/lib/cli.js:141862:10)
      at Request.emit (node:events:527:28)
      at IncomingMessage.<anonymous> (/Users/kevincarrabine/.nvm/versions/node/v16.15.0/lib/node_modules/yarn/lib/cli.js:141784:12)
      at Object.onceWrapper (node:events:641:28)
      at IncomingMessage.emit (node:events:539:35)
      at endReadableNT (node:internal/streams/readable:1345:12)
      at processTicksAndRejections (node:internal/process/task_queues:83:21)

npm manifest: 
  {
    "name": "test-streams",
    "version": "1.0.0",
    "description": "",
    "main": "index.js",
    "scripts": {
      "test": "echo \"Error: no test specified\" && exit 1"
    },
    "repository": {
      "type": "git",
      "url": "git+https://github.com/kcarra/test-streams.git"
    },
    "author": "",
    "license": "ISC",
    "bugs": {
      "url": "https://github.com/kcarra/test-streams/issues"
    },
    "homepage": "https://github.com/kcarra/test-streams#readme",
    "devDependencies": {
      "typescript": "^4.9.5"
    }
  }

yarn manifest: 
  No manifest

Lockfile: 
  # THIS IS AN AUTOGENERATED FILE. DO NOT EDIT THIS FILE DIRECTLY.
  # yarn lockfile v1
  
  
  typescript@^4.9.5:
    version "4.9.5"
    resolved "https://registry.yarnpkg.com/typescript/-/typescript-4.9.5.tgz#095979f9bcc0d09da324d58d03ce8f8374cbe65a"
    integrity sha512-1FXk9E2Hm+QzZQ7z+McJiHL4NW1F2EzMu9Nq9i3zAaGqibafqYwCVU6WyWAuyQRRzOlxou8xZSyXLEN8oKj24g==
